Dec-15 11:20:25.548 [main] DEBUG nextflow.cli.Launcher - $> nextflow run test.nf -with-singularity test.img -c nextflow.config
Dec-15 11:20:25.629 [main] INFO  nextflow.cli.CmdRun - N E X T F L O W  ~  version 21.04.1
Dec-15 11:20:25.644 [main] INFO  nextflow.cli.CmdRun - Launching `test.nf` [grave_darwin] - revision: e47d7f98c6
Dec-15 11:20:25.655 [main] DEBUG nextflow.config.ConfigBuilder - Found config local: /home/jfogrady1/test/nextflow.config
Dec-15 11:20:25.657 [main] DEBUG nextflow.config.ConfigBuilder - User config file: /home/jfogrady1/test/nextflow.config
Dec-15 11:20:25.657 [main] DEBUG nextflow.config.ConfigBuilder - Parsing config file: /home/jfogrady1/test/nextflow.config
Dec-15 11:20:25.657 [main] DEBUG nextflow.config.ConfigBuilder - Parsing config file: /home/jfogrady1/test/nextflow.config
Dec-15 11:20:25.671 [main] DEBUG nextflow.config.ConfigBuilder - Applying config profile: `standard`
Dec-15 11:20:26.092 [main] DEBUG nextflow.config.ConfigBuilder - Applying config profile: `standard`
Dec-15 11:20:26.104 [main] DEBUG nextflow.config.ConfigBuilder - Enabling execution in Singularity container as requested by cli option `-with-singularity null`
Dec-15 11:20:26.113 [main] DEBUG nextflow.plugin.PluginsFacade - Setting up plugin manager > mode=prod; plugins-dir=/home/jfogrady1/.nextflow/plugins
Dec-15 11:20:26.114 [main] DEBUG nextflow.plugin.PluginsFacade - Plugins default=[]
Dec-15 11:20:26.115 [main] DEBUG nextflow.plugin.PluginsFacade - Plugins local root: .nextflow/plr/empty
Dec-15 11:20:26.120 [main] INFO  org.pf4j.DefaultPluginStatusProvider - Enabled plugins: []
Dec-15 11:20:26.121 [main] INFO  org.pf4j.DefaultPluginStatusProvider - Disabled plugins: []
Dec-15 11:20:26.123 [main] INFO  org.pf4j.DefaultPluginManager - PF4J version 3.4.1 in 'deployment' mode
Dec-15 11:20:26.130 [main] INFO  org.pf4j.AbstractPluginManager - No plugins
Dec-15 11:20:26.172 [main] DEBUG nextflow.Session - Session uuid: 9577fdb5-6f62-4177-97f0-6fb9f88ac157
Dec-15 11:20:26.172 [main] DEBUG nextflow.Session - Run name: grave_darwin
Dec-15 11:20:26.172 [main] DEBUG nextflow.Session - Executor pool size: 8
Dec-15 11:20:26.195 [main] DEBUG nextflow.cli.CmdRun - 
  Version: 21.04.1 build 5556
  Created: 14-05-2021 15:20 UTC (16:20 IST)
  System: Linux 5.10.16.3-microsoft-standard-WSL2
  Runtime: Groovy 3.0.7 on OpenJDK 64-Bit Server VM 11.0.11+9-Ubuntu-0ubuntu2.20.04
  Encoding: UTF-8 (UTF-8)
  Process: 3594@NUIG-7PJW2B3 [127.0.1.1]
  CPUs: 8 - Mem: 24.9 GB (21.9 GB) - Swap: 7 GB (7 GB)
Dec-15 11:20:26.209 [main] DEBUG nextflow.Session - Work-dir: /home/jfogrady1/test/work [ext2/ext3]
Dec-15 11:20:26.209 [main] DEBUG nextflow.Session - Script base path does not exist or is not a directory: /home/jfogrady1/test/bin
Dec-15 11:20:26.217 [main] DEBUG nextflow.executor.ExecutorFactory - Extension executors providers=[]
Dec-15 11:20:26.226 [main] DEBUG nextflow.Session - Observer factory: DefaultObserverFactory
Dec-15 11:20:26.337 [main] DEBUG nextflow.Session - Session start invoked
Dec-15 11:20:26.431 [main] DEBUG nextflow.script.ScriptRunner - > Launching execution
Dec-15 11:20:26.445 [main] DEBUG nextflow.Session - Workflow process names [dsl1]: 
Dec-15 11:20:26.487 [PathVisitor-1] DEBUG nextflow.file.PathVisitor - files for syntax: glob; folder: test-datasets/fastq/; pattern: *_{1,2}.fastq.gz; options: [checkIfExists:true]
Dec-15 11:20:26.544 [main] DEBUG nextflow.script.ScriptRunner - > Await termination 
Dec-15 11:20:26.544 [main] DEBUG nextflow.Session - Session await
Dec-15 11:20:26.544 [main] DEBUG nextflow.Session - Session await > all process finished
Dec-15 11:20:26.544 [main] DEBUG nextflow.Session - Session await > all barriers passed
Dec-15 11:20:26.552 [main] DEBUG nextflow.trace.WorkflowStatsObserver - Workflow completed > WorkflowStats[succeededCount=0; failedCount=0; ignoredCount=0; cachedCount=0; pendingCount=0; submittedCount=0; runningCount=0; retriesCount=0; abortedCount=0; succeedDuration=0ms; failedDuration=0ms; cachedDuration=0ms;loadCpus=0; loadMemory=0; peakRunning=0; peakCpus=0; peakMemory=0; ]
Dec-15 11:20:26.751 [main] DEBUG nextflow.CacheDB - Closing CacheDB done
Dec-15 11:20:26.761 [main] DEBUG nextflow.script.ScriptRunner - > Execution complete -- Goodbye
